<?xml version="1.0" encoding="UTF-8"?>
<testng-results ignored="0" total="1" passed="1" failed="0" skipped="0">
  <reporter-output>
  </reporter-output>
  <suite started-at="2025-06-26T12:49:35 IST" name="Suite" finished-at="2025-06-26T12:49:47 IST" duration-ms="11953">
    <groups>
    </groups>
    <test started-at="2025-06-26T12:49:35 IST" name="Test" finished-at="2025-06-26T12:49:47 IST" duration-ms="11953">
      <class name="testscripts.ManageNewsTest">
        <test-method is-config="true" signature="browserInitialisation(java.lang.String)[pri:0, instance:testscripts.ManageNewsTest@7674f035]" started-at="2025-06-26T12:49:35 IST" name="browserInitialisation" finished-at="2025-06-26T12:49:41 IST" duration-ms="6432" status="PASS">
          <params>
            <param index="0">
              <value>
                <![CDATA[chrome]]>
              </value>
            </param>
          </params>
          <reporter-output>
          </reporter-output>
        </test-method> <!-- browserInitialisation -->
        <test-method signature="verifyUserIsAbleToEnterTheNews()[pri:0, instance:testscripts.ManageNewsTest@7674f035]" started-at="2025-06-26T12:49:41 IST" name="verifyUserIsAbleToEnterTheNews" finished-at="2025-06-26T12:49:46 IST" duration-ms="4970" status="PASS">
          <reporter-output>
          </reporter-output>
        </test-method> <!-- verifyUserIsAbleToEnterTheNews -->
        <test-method is-config="true" signature="browserQuit(org.testng.ITestResult)[pri:0, instance:testscripts.ManageNewsTest@7674f035]" started-at="2025-06-26T12:49:46 IST" name="browserQuit" finished-at="2025-06-26T12:49:47 IST" duration-ms="464" status="PASS">
          <params>
            <param index="0">
              <value>
                <![CDATA[[TestResult name=verifyUserIsAbleToEnterTheNews status=SUCCESS method=ManageNewsTest.verifyUserIsAbleToEnterTheNews()[pri:0, instance:testscripts.ManageNewsTest@7674f035] output={null}]]]>
              </value>
            </param>
          </params>
          <reporter-output>
          </reporter-output>
        </test-method> <!-- browserQuit -->
      </class> <!-- testscripts.ManageNewsTest -->
    </test> <!-- Test -->
  </suite> <!-- Suite -->
</testng-results>
